2023-12-12T22:47:32.043+0800	INFO	md/md.go:27	HTTP Source: , TrackId: 0f805bea-0d1c-545e-8147-d2022b2ab784, Method: /, started at: 2023-12-12T22:47:32+08:00, Request: 

2023-12-12T22:47:32.044+0800	INFO	md/md.go:30	HTTP Source: , TrackId: 0f805bea-0d1c-545e-8147-d2022b2ab784, Method: /, completed in: 399.139µs Response: Version: , Error: <nil>

2023-12-12T22:54:44.464+0800	INFO	md/md.go:27	HTTP Source: , TrackId: a7ba8936-68f5-5ba4-8cab-c7e1d0824484, Method: /, started at: 2023-12-12T22:54:44+08:00, Request: 

2023-12-12T22:54:44.464+0800	INFO	md/md.go:30	HTTP Source: , TrackId: a7ba8936-68f5-5ba4-8cab-c7e1d0824484, Method: /, completed in: 780.64µs Response: Version: , Error: <nil>

2023-12-12T22:54:45.399+0800	INFO	md/md.go:27	HTTP Source: , TrackId: 44e7eb96-2cae-58f7-856f-3de19b45ea05, Method: /, started at: 2023-12-12T22:54:45+08:00, Request: 

2023-12-12T22:54:45.399+0800	INFO	md/md.go:30	HTTP Source: , TrackId: 44e7eb96-2cae-58f7-856f-3de19b45ea05, Method: /, completed in: 76.486µs Response: Version: , Error: <nil>

2023-12-12T22:54:46.181+0800	INFO	md/md.go:27	HTTP Source: , TrackId: 998b1943-836f-5755-b999-e15d97cb892a, Method: /, started at: 2023-12-12T22:54:46+08:00, Request: 

2023-12-12T22:54:46.181+0800	INFO	md/md.go:30	HTTP Source: , TrackId: 998b1943-836f-5755-b999-e15d97cb892a, Method: /, completed in: 89.161µs Response: Version: , Error: <nil>

2023-12-12T22:57:28.866+0800	INFO	md/md.go:27	HTTP Source: , TrackId: 712c60cc-548f-53c2-98b9-bbc6b1773259, Method: /, started at: 2023-12-12T22:57:28+08:00, Request: 

2023-12-12T22:57:28.868+0800	INFO	md/md.go:30	HTTP Source: , TrackId: 712c60cc-548f-53c2-98b9-bbc6b1773259, Method: /, completed in: 1.666427ms Response: Version: 1.0.0, Error: <nil>

2023-12-12T22:57:29.809+0800	INFO	md/md.go:27	HTTP Source: , TrackId: b452e53f-f969-5514-a6a5-34c3e8fc3394, Method: /, started at: 2023-12-12T22:57:29+08:00, Request: 

2023-12-12T22:57:29.809+0800	INFO	md/md.go:30	HTTP Source: , TrackId: b452e53f-f969-5514-a6a5-34c3e8fc3394, Method: /, completed in: 67.191µs Response: Version: 1.0.0, Error: <nil>

2023-12-13T15:30:37.273+0800	INFO	md/md.go:27	HTTP Source: , TrackId: ec81db50-ba51-58b7-bc22-01ba5fea5376, Method: /, started at: 2023-12-13T15:30:37+08:00, Request: 

2023-12-13T15:30:37.274+0800	INFO	md/md.go:30	HTTP Source: , TrackId: ec81db50-ba51-58b7-bc22-01ba5fea5376, Method: /, completed in: 1.703118ms Response: Version: , Error: <nil>

2023-12-13T15:30:47.647+0800	INFO	md/md.go:27	HTTP Source: , TrackId: 2b8c3420-3f80-5062-b791-2438aaedd70e, Method: /douyin/oauth/client_token%20, started at: 2023-12-13T15:30:47+08:00, Request: 

2023-12-13T15:30:47.647+0800	INFO	md/md.go:30	HTTP Source: , TrackId: 2b8c3420-3f80-5062-b791-2438aaedd70e, Method: /douyin/oauth/client_token%20, completed in: 86.591µs Response: , Error: Cannot POST /douyin/oauth/client_token%20

2023-12-13T15:31:45.673+0800	INFO	md/md.go:27	HTTP Source: , TrackId: 89aa9c35-f3b7-5459-83fd-a62823e06243, Method: /douyin/apps/v2/token, started at: 2023-12-13T15:31:45+08:00, Request: 

2023-12-13T15:31:45.673+0800	INFO	md/md.go:30	HTTP Source: , TrackId: 89aa9c35-f3b7-5459-83fd-a62823e06243, Method: /douyin/apps/v2/token, completed in: 68.678µs Response: , Error: Unprocessable Entity

2023-12-13T15:32:03.138+0800	INFO	md/md.go:27	HTTP Source: , TrackId: 9225798a-6a2a-5e3e-bf65-54b896ddf9cf, Method: /douyin/oauth/client_token%20, started at: 2023-12-13T15:32:03+08:00, Request: 

2023-12-13T15:32:03.138+0800	INFO	md/md.go:30	HTTP Source: , TrackId: 9225798a-6a2a-5e3e-bf65-54b896ddf9cf, Method: /douyin/oauth/client_token%20, completed in: 84.818µs Response: , Error: Cannot POST /douyin/oauth/client_token%20

2023-12-13T15:33:07.848+0800	INFO	md/md.go:27	HTTP Source: , TrackId: d07e79b2-3da7-5c07-8692-aa9bc1ef855d, Method: /douyin/oauth/client_token%20, started at: 2023-12-13T15:33:07+08:00, Request: 

2023-12-13T15:33:07.848+0800	INFO	md/md.go:30	HTTP Source: , TrackId: d07e79b2-3da7-5c07-8692-aa9bc1ef855d, Method: /douyin/oauth/client_token%20, completed in: 366.292µs Response: , Error: Cannot POST /douyin/oauth/client_token%20

2023-12-13T15:36:25.979+0800	INFO	md/md.go:27	HTTP Source: , TrackId: 5e0383bd-aec3-5a17-b0c7-a2558d3943cc, Method: /douyin/oauth/client_token%20, started at: 2023-12-13T15:36:25+08:00, Request: {"client_key":"tt21e3575ebed3cbb101","client_secret":"d0ac244506eb63695bec1ba67610ce568dac3fb3","grant_type":"client_credential"}

2023-12-13T15:36:25.979+0800	INFO	md/md.go:30	HTTP Source: , TrackId: 5e0383bd-aec3-5a17-b0c7-a2558d3943cc, Method: /douyin/oauth/client_token%20, completed in: 404.293µs Response: , Error: Cannot POST /douyin/oauth/client_token%20

2023-12-13T15:36:27.098+0800	INFO	md/md.go:27	HTTP Source: , TrackId: f7f599b4-829c-57b3-9eaf-775978d2b9bd, Method: /douyin/oauth/client_token%20, started at: 2023-12-13T15:36:27+08:00, Request: {"client_key":"tt21e3575ebed3cbb101","client_secret":"d0ac244506eb63695bec1ba67610ce568dac3fb3","grant_type":"client_credential"}

2023-12-13T15:36:27.098+0800	INFO	md/md.go:30	HTTP Source: , TrackId: f7f599b4-829c-57b3-9eaf-775978d2b9bd, Method: /douyin/oauth/client_token%20, completed in: 164.147µs Response: , Error: Cannot POST /douyin/oauth/client_token%20

2023-12-13T15:39:49.745+0800	INFO	md/md.go:27	HTTP Source: , TrackId: 5b2df002-947a-54f5-a376-23d295c18854, Method: /douyin/oauth/client_token, started at: 2023-12-13T15:39:49+08:00, Request: 

2023-12-13T15:39:49.747+0800	INFO	md/md.go:30	HTTP Source: , TrackId: 5b2df002-947a-54f5-a376-23d295c18854, Method: /douyin/oauth/client_token, completed in: 1.758577ms Response: , Error: Method Not Allowed

2023-12-13T15:40:24.646+0800	INFO	md/md.go:27	HTTP Source: , TrackId: e4b58206-d94f-5a5a-9cc0-259ada91713b, Method: /douyin/oauth/client_token%20, started at: 2023-12-13T15:40:24+08:00, Request: {"client_key":"tt21e3575ebed3cbb101","client_secret":"d0ac244506eb63695bec1ba67610ce568dac3fb3","grant_type":"client_credential"}

2023-12-13T15:40:24.646+0800	INFO	md/md.go:30	HTTP Source: , TrackId: e4b58206-d94f-5a5a-9cc0-259ada91713b, Method: /douyin/oauth/client_token%20, completed in: 242.145µs Response: , Error: Cannot POST /douyin/oauth/client_token%20

2023-12-13T15:40:26.058+0800	INFO	md/md.go:27	HTTP Source: , TrackId: d59dc3c5-d0e8-56a5-a379-2d60fe24fd96, Method: /douyin/oauth/client_token%20, started at: 2023-12-13T15:40:26+08:00, Request: {"client_key":"tt21e3575ebed3cbb101","client_secret":"d0ac244506eb63695bec1ba67610ce568dac3fb3","grant_type":"client_credential"}

2023-12-13T15:40:26.058+0800	INFO	md/md.go:30	HTTP Source: , TrackId: d59dc3c5-d0e8-56a5-a379-2d60fe24fd96, Method: /douyin/oauth/client_token%20, completed in: 103.555µs Response: , Error: Cannot POST /douyin/oauth/client_token%20

2023-12-13T15:40:26.972+0800	INFO	md/md.go:27	HTTP Source: , TrackId: 271febd6-99fe-5d23-9c4e-5e8cb58109ff, Method: /douyin/oauth/client_token%20, started at: 2023-12-13T15:40:26+08:00, Request: {"client_key":"tt21e3575ebed3cbb101","client_secret":"d0ac244506eb63695bec1ba67610ce568dac3fb3","grant_type":"client_credential"}

2023-12-13T15:40:26.972+0800	INFO	md/md.go:30	HTTP Source: , TrackId: 271febd6-99fe-5d23-9c4e-5e8cb58109ff, Method: /douyin/oauth/client_token%20, completed in: 77.464µs Response: , Error: Cannot POST /douyin/oauth/client_token%20

2023-12-13T15:40:27.937+0800	INFO	md/md.go:27	HTTP Source: , TrackId: 9c8e21c2-7fd8-5001-9d66-08fc44d2f38f, Method: /douyin/oauth/client_token%20, started at: 2023-12-13T15:40:27+08:00, Request: {"client_key":"tt21e3575ebed3cbb101","client_secret":"d0ac244506eb63695bec1ba67610ce568dac3fb3","grant_type":"client_credential"}

2023-12-13T15:40:27.937+0800	INFO	md/md.go:30	HTTP Source: , TrackId: 9c8e21c2-7fd8-5001-9d66-08fc44d2f38f, Method: /douyin/oauth/client_token%20, completed in: 95.859µs Response: , Error: Cannot POST /douyin/oauth/client_token%20

2023-12-13T15:40:28.713+0800	INFO	md/md.go:27	HTTP Source: , TrackId: 576795f9-9705-52d3-b0cf-26a276292b14, Method: /douyin/oauth/client_token%20, started at: 2023-12-13T15:40:28+08:00, Request: {"client_key":"tt21e3575ebed3cbb101","client_secret":"d0ac244506eb63695bec1ba67610ce568dac3fb3","grant_type":"client_credential"}

2023-12-13T15:40:28.713+0800	INFO	md/md.go:30	HTTP Source: , TrackId: 576795f9-9705-52d3-b0cf-26a276292b14, Method: /douyin/oauth/client_token%20, completed in: 79.863µs Response: , Error: Cannot POST /douyin/oauth/client_token%20

2023-12-13T15:40:29.468+0800	INFO	md/md.go:27	HTTP Source: , TrackId: 9be02632-fb4f-5216-92e2-f9b67c5688d1, Method: /douyin/oauth/client_token%20, started at: 2023-12-13T15:40:29+08:00, Request: {"client_key":"tt21e3575ebed3cbb101","client_secret":"d0ac244506eb63695bec1ba67610ce568dac3fb3","grant_type":"client_credential"}

2023-12-13T15:40:29.468+0800	INFO	md/md.go:30	HTTP Source: , TrackId: 9be02632-fb4f-5216-92e2-f9b67c5688d1, Method: /douyin/oauth/client_token%20, completed in: 99.054µs Response: , Error: Cannot POST /douyin/oauth/client_token%20

2023-12-13T15:49:40.145+0800	INFO	md/md.go:27	HTTP Source: , TrackId: 50c3a267-cac6-592b-8691-27b56ee60a98, Method: /douyin/apps/v2/token, started at: 2023-12-13T15:49:40+08:00, Request: {"appid":"tt21e3575ebed3cbb101","grant_type":"client_credential"}

2023-12-13T15:49:40.337+0800	INFO	md/md.go:30	HTTP Source: , TrackId: 50c3a267-cac6-592b-8691-27b56ee60a98, Method: /douyin/apps/v2/token, completed in: 192.265859ms Response: {"code":0,"msg":"ok","data":{"err_tips":"success","data":{"access_token":"0801121846364255735859495833306664534e386258312b69673d3d","expires_in":6600}}}, Error: <nil>

2023-12-13T15:49:42.745+0800	INFO	md/md.go:27	HTTP Source: , TrackId: 7a35dc5c-e233-543c-a5df-2271c718fb95, Method: /douyin/apps/v2/token, started at: 2023-12-13T15:49:42+08:00, Request: {"appid":"tt21e3575ebed3cbb101","grant_type":"client_credential"}

2023-12-13T15:49:42.745+0800	INFO	md/md.go:30	HTTP Source: , TrackId: 7a35dc5c-e233-543c-a5df-2271c718fb95, Method: /douyin/apps/v2/token, completed in: 296.881µs Response: {"code":0,"msg":"ok","data":{"err_tips":"success","data":{"access_token":"0801121846364255735859495833306664534e386258312b69673d3d","expires_in":6598}}}, Error: <nil>

2023-12-13T15:49:55.975+0800	INFO	md/md.go:27	HTTP Source: , TrackId: 4717e33c-6794-554d-a756-2fae813b496d, Method: /douyin/oauth/client_token%20, started at: 2023-12-13T15:49:55+08:00, Request: {"client_key":"tt21e3575ebed3cbb101","client_secret":"d0ac244506eb63695bec1ba67610ce568dac3fb3","grant_type":"client_credential"}

2023-12-13T15:49:55.975+0800	INFO	md/md.go:30	HTTP Source: , TrackId: 4717e33c-6794-554d-a756-2fae813b496d, Method: /douyin/oauth/client_token%20, completed in: 104.039µs Response: , Error: Cannot POST /douyin/oauth/client_token%20

2023-12-13T15:49:56.953+0800	INFO	md/md.go:27	HTTP Source: , TrackId: 223126ad-50af-5882-8a46-7d5934f6438a, Method: /douyin/oauth/client_token%20, started at: 2023-12-13T15:49:56+08:00, Request: {"client_key":"tt21e3575ebed3cbb101","client_secret":"d0ac244506eb63695bec1ba67610ce568dac3fb3","grant_type":"client_credential"}

2023-12-13T15:49:56.953+0800	INFO	md/md.go:30	HTTP Source: , TrackId: 223126ad-50af-5882-8a46-7d5934f6438a, Method: /douyin/oauth/client_token%20, completed in: 72.205µs Response: , Error: Cannot POST /douyin/oauth/client_token%20

2023-12-13T15:50:26.163+0800	INFO	md/md.go:27	HTTP Source: , TrackId: c59f9705-8c38-5665-9d18-8ca67bba33d9, Method: /douyin/apps/v2/token, started at: 2023-12-13T15:50:26+08:00, Request: {"appid":"tt21e3575ebed3cbb101","grant_type":"client_credential"}

2023-12-13T15:50:26.164+0800	INFO	md/md.go:30	HTTP Source: , TrackId: c59f9705-8c38-5665-9d18-8ca67bba33d9, Method: /douyin/apps/v2/token, completed in: 923.405µs Response: {"code":0,"msg":"ok","data":{"err_tips":"success","data":{"access_token":"0801121846364255735859495833306664534e386258312b69673d3d","expires_in":6554}}}, Error: <nil>

2023-12-13T15:55:09.807+0800	INFO	md/md.go:27	HTTP Source: , TrackId: bd32838c-6c43-5d1f-87ec-108d5ae19d7f, Method: /douyin/oauth/client_token%20, started at: 2023-12-13T15:55:09+08:00, Request: {"client_key":"tt21e3575ebed3cbb101","client_secret":"d0ac244506eb63695bec1ba67610ce568dac3fb3","grant_type":"client_credential"}

2023-12-13T15:55:09.807+0800	INFO	md/md.go:30	HTTP Source: , TrackId: bd32838c-6c43-5d1f-87ec-108d5ae19d7f, Method: /douyin/oauth/client_token%20, completed in: 121.253µs Response: , Error: Cannot POST /douyin/oauth/client_token%20

2023-12-13T15:55:11.149+0800	INFO	md/md.go:27	HTTP Source: , TrackId: dd71f4ff-e67b-561b-a770-7b7e8dc5ac2b, Method: /douyin/oauth/client_token%20, started at: 2023-12-13T15:55:11+08:00, Request: {"client_key":"tt21e3575ebed3cbb101","client_secret":"d0ac244506eb63695bec1ba67610ce568dac3fb3","grant_type":"client_credential"}

2023-12-13T15:55:11.149+0800	INFO	md/md.go:30	HTTP Source: , TrackId: dd71f4ff-e67b-561b-a770-7b7e8dc5ac2b, Method: /douyin/oauth/client_token%20, completed in: 71.514µs Response: , Error: Cannot POST /douyin/oauth/client_token%20

2023-12-13T15:56:49.680+0800	INFO	md/md.go:27	HTTP Source: , TrackId: 1e448728-56af-5684-9d29-2b997c2dd120, Method: /douyin/oauth/client_token%20, started at: 2023-12-13T15:56:49+08:00, Request: {"client_key":"tt21e3575ebed3cbb101","client_secret":"d0ac244506eb63695bec1ba67610ce568dac3fb3","grant_type":"client_credential"}

2023-12-13T15:56:49.680+0800	INFO	md/md.go:30	HTTP Source: , TrackId: 1e448728-56af-5684-9d29-2b997c2dd120, Method: /douyin/oauth/client_token%20, completed in: 125.276µs Response: , Error: Cannot POST /douyin/oauth/client_token%20

2023-12-13T15:57:50.469+0800	INFO	md/md.go:27	HTTP Source: , TrackId: c7286ec7-8b17-53e2-9602-7a6fe82ac5b9, Method: /douyin/oauth/client_token%20, started at: 2023-12-13T15:57:50+08:00, Request: {"client_key":"tt21e3575ebed3cbb101","client_secret":"d0ac244506eb63695bec1ba67610ce568dac3fb3","grant_type":"client_credential"}

2023-12-13T15:57:50.470+0800	INFO	md/md.go:30	HTTP Source: , TrackId: c7286ec7-8b17-53e2-9602-7a6fe82ac5b9, Method: /douyin/oauth/client_token%20, completed in: 746.694µs Response: , Error: Cannot POST /douyin/oauth/client_token%20

2023-12-13T15:57:51.586+0800	INFO	md/md.go:27	HTTP Source: , TrackId: d43ba884-bc24-5c37-89ba-92b1f1977134, Method: /douyin/oauth/client_token%20, started at: 2023-12-13T15:57:51+08:00, Request: {"client_key":"tt21e3575ebed3cbb101","client_secret":"d0ac244506eb63695bec1ba67610ce568dac3fb3","grant_type":"client_credential"}

2023-12-13T15:57:51.586+0800	INFO	md/md.go:30	HTTP Source: , TrackId: d43ba884-bc24-5c37-89ba-92b1f1977134, Method: /douyin/oauth/client_token%20, completed in: 67.642µs Response: , Error: Cannot POST /douyin/oauth/client_token%20

2023-12-13T15:57:52.452+0800	INFO	md/md.go:27	HTTP Source: , TrackId: 8fe1e58e-1186-5a39-ad88-058bdcf2c551, Method: /douyin/oauth/client_token%20, started at: 2023-12-13T15:57:52+08:00, Request: {"client_key":"tt21e3575ebed3cbb101","client_secret":"d0ac244506eb63695bec1ba67610ce568dac3fb3","grant_type":"client_credential"}

2023-12-13T15:57:52.452+0800	INFO	md/md.go:30	HTTP Source: , TrackId: 8fe1e58e-1186-5a39-ad88-058bdcf2c551, Method: /douyin/oauth/client_token%20, completed in: 62.862µs Response: , Error: Cannot POST /douyin/oauth/client_token%20

2023-12-13T15:58:23.157+0800	INFO	md/md.go:27	HTTP Source: , TrackId: f4e5eb22-a68d-56cf-bb19-5fcf604d91d0, Method: /douyin/apps/v2/token, started at: 2023-12-13T15:58:23+08:00, Request: {"appid":"tt21e3575ebed3cbb101","grant_type":"client_credential"}

2023-12-13T15:58:23.157+0800	INFO	md/md.go:30	HTTP Source: , TrackId: f4e5eb22-a68d-56cf-bb19-5fcf604d91d0, Method: /douyin/apps/v2/token, completed in: 303.478µs Response: , Error: Cannot POST /douyin/apps/v2/token

2023-12-13T15:58:24.407+0800	INFO	md/md.go:27	HTTP Source: , TrackId: 7de390ef-42d8-5868-8b54-65bce9a8ab02, Method: /douyin/apps/v2/token, started at: 2023-12-13T15:58:24+08:00, Request: {"appid":"tt21e3575ebed3cbb101","grant_type":"client_credential"}

2023-12-13T15:58:24.407+0800	INFO	md/md.go:30	HTTP Source: , TrackId: 7de390ef-42d8-5868-8b54-65bce9a8ab02, Method: /douyin/apps/v2/token, completed in: 114.807µs Response: , Error: Cannot POST /douyin/apps/v2/token

2023-12-13T15:58:39.084+0800	INFO	md/md.go:27	HTTP Source: , TrackId: d55c9bf0-e184-5765-9629-bdfb97c81db1, Method: /douyin/oauth/client_token, started at: 2023-12-13T15:58:39+08:00, Request: {"client_key":"tt21e3575ebed3cbb101","client_secret":"d0ac244506eb63695bec1ba67610ce568dac3fb3","grant_type":"client_credential"}

2023-12-13T15:58:39.085+0800	INFO	md/md.go:30	HTTP Source: , TrackId: d55c9bf0-e184-5765-9629-bdfb97c81db1, Method: /douyin/oauth/client_token, completed in: 144.269µs Response: , Error: Cannot POST /douyin/oauth/client_token

2023-12-13T15:58:40.122+0800	INFO	md/md.go:27	HTTP Source: , TrackId: 68a29c6f-7d13-511f-882b-48e06ec1becc, Method: /douyin/oauth/client_token, started at: 2023-12-13T15:58:40+08:00, Request: {"client_key":"tt21e3575ebed3cbb101","client_secret":"d0ac244506eb63695bec1ba67610ce568dac3fb3","grant_type":"client_credential"}

2023-12-13T15:58:40.122+0800	INFO	md/md.go:30	HTTP Source: , TrackId: 68a29c6f-7d13-511f-882b-48e06ec1becc, Method: /douyin/oauth/client_token, completed in: 75.236µs Response: , Error: Cannot POST /douyin/oauth/client_token

2023-12-13T15:58:53.318+0800	INFO	md/md.go:27	HTTP Source: , TrackId: b6babb4e-6728-5941-a472-df5ac1de2b1a, Method: /douyin/apps/v2/token, started at: 2023-12-13T15:58:53+08:00, Request: {"appid":"tt21e3575ebed3cbb101","grant_type":"client_credential"}

2023-12-13T15:58:53.320+0800	INFO	md/md.go:30	HTTP Source: , TrackId: b6babb4e-6728-5941-a472-df5ac1de2b1a, Method: /douyin/apps/v2/token, completed in: 2.641833ms Response: {"code":0,"msg":"ok","data":{"err_tips":"success","data":{"access_token":"0801121846364255735859495833306664534e386258312b69673d3d","expires_in":6047}}}, Error: <nil>

2023-12-13T15:58:56.444+0800	INFO	md/md.go:27	HTTP Source: , TrackId: b3d15967-3d92-558e-bd87-ef13f35ff540, Method: /douyin/oauth/client_token, started at: 2023-12-13T15:58:56+08:00, Request: {"client_key":"tt21e3575ebed3cbb101","client_secret":"d0ac244506eb63695bec1ba67610ce568dac3fb3","grant_type":"client_credential"}

2023-12-13T15:58:56.444+0800	INFO	md/md.go:30	HTTP Source: , TrackId: b3d15967-3d92-558e-bd87-ef13f35ff540, Method: /douyin/oauth/client_token, completed in: 212.274µs Response: {"code":0,"msg":"ok","data":null}, Error: <nil>

2023-12-13T16:15:45.392+0800	INFO	md/md.go:27	HTTP Source: , TrackId: 66ea3682-2e66-5072-a408-254a75d24285, Method: /douyin/oauth/client_token, started at: 2023-12-13T16:15:45+08:00, Request: {"client_key":"tt21e3575ebed3cbb101","client_secret":"d0ac244506eb63695bec1ba67610ce568dac3fb3","grant_type":"client_credential"}

2023-12-13T16:15:45.392+0800	INFO	md/md.go:30	HTTP Source: , TrackId: 66ea3682-2e66-5072-a408-254a75d24285, Method: /douyin/oauth/client_token, completed in: 467.45µs Response: {"code":0,"msg":"ok","data":null}, Error: <nil>

2023-12-13T16:19:09.069+0800	INFO	md/md.go:27	HTTP Source: , TrackId: eddf4959-d841-5fd5-8c81-ee29bce3fdf4, Method: /douyin/oauth/client_token, started at: 2023-12-13T16:19:09+08:00, Request: {"client_key":"tt21e3575ebed3cbb101","client_secret":"d0ac244506eb63695bec1ba67610ce568dac3fb3","grant_type":"client_credential"}

2023-12-13T16:19:09.069+0800	INFO	md/md.go:30	HTTP Source: , TrackId: eddf4959-d841-5fd5-8c81-ee29bce3fdf4, Method: /douyin/oauth/client_token, completed in: 538.48µs Response: {"code":0,"msg":"ok","data":null}, Error: <nil>

2023-12-13T16:41:41.087+0800	INFO	md/md.go:27	HTTP Source: , TrackId: 3bb90dc5-cadc-5ee1-a64f-c3e479fb6251, Method: /douyin/oauth/client_token, started at: 2023-12-13T16:41:41+08:00, Request: {"client_key":"tt21e3575ebed3cbb101","client_secret":"d0ac244506eb63695bec1ba67610ce568dac3fb3","grant_type":"client_credential"}

2023-12-13T16:41:41.088+0800	INFO	md/md.go:30	HTTP Source: , TrackId: 3bb90dc5-cadc-5ee1-a64f-c3e479fb6251, Method: /douyin/oauth/client_token, completed in: 708.165µs Response: {"code":0,"msg":"ok","data":null}, Error: <nil>

2023-12-13T16:42:52.752+0800	INFO	md/md.go:27	HTTP Source: , TrackId: fd702a9b-de9e-5bc0-9692-b71bb1ba6de9, Method: /douyin/oauth/client_token, started at: 2023-12-13T16:42:52+08:00, Request: {"client_key":"tt21e3575ebed3cbb101","client_secret":"d0ac244506eb63695bec1ba67610ce568dac3fb3","grant_type":"client_credential"}

2023-12-13T16:42:52.752+0800	INFO	md/md.go:30	HTTP Source: , TrackId: fd702a9b-de9e-5bc0-9692-b71bb1ba6de9, Method: /douyin/oauth/client_token, completed in: 236.592µs Response: {"code":0,"msg":"ok","data":null}, Error: <nil>

2023-12-13T16:43:49.822+0800	INFO	md/md.go:27	HTTP Source: , TrackId: 45294198-9166-54d7-a19f-2c9e4e32575a, Method: /douyin/oauth/client_token, started at: 2023-12-13T16:43:49+08:00, Request: {"client_key":"tt21e3575ebed3cbb101","client_secret":"d0ac244506eb63695bec1ba67610ce568dac3fb3","grant_type":"client_credential"}

2023-12-13T16:43:49.823+0800	INFO	md/md.go:30	HTTP Source: , TrackId: 45294198-9166-54d7-a19f-2c9e4e32575a, Method: /douyin/oauth/client_token, completed in: 933.407µs Response: {"code":0,"msg":"ok","data":null}, Error: <nil>

2023-12-13T16:47:29.926+0800	INFO	md/md.go:27	HTTP Source: , TrackId: 378b51f6-a1ee-5724-8007-c97f63f58690, Method: /douyin/oauth/client_token, started at: 2023-12-13T16:47:29+08:00, Request: {"client_key":"tt21e3575ebed3cbb101","client_secret":"d0ac244506eb63695bec1ba67610ce568dac3fb3","grant_type":"client_credential"}

2023-12-13T16:47:29.931+0800	INFO	md/md.go:30	HTTP Source: , TrackId: 378b51f6-a1ee-5724-8007-c97f63f58690, Method: /douyin/oauth/client_token, completed in: 5.486775ms Response: {"code":0,"msg":"ok","data":null}, Error: <nil>

2023-12-13T16:48:43.708+0800	INFO	md/md.go:27	HTTP Source: , TrackId: 878e39b2-c9fc-5800-957d-a6d301b7edc2, Method: /douyin/oauth/client_token, started at: 2023-12-13T16:48:43+08:00, Request: {"client_key":"tt21e3575ebed3cbb101","client_secret":"d0ac244506eb63695bec1ba67610ce568dac3fb3","grant_type":"client_credential"}

2023-12-13T16:48:43.710+0800	INFO	md/md.go:30	HTTP Source: , TrackId: 878e39b2-c9fc-5800-957d-a6d301b7edc2, Method: /douyin/oauth/client_token, completed in: 1.767316ms Response: {"code":0,"msg":"ok","data":null}, Error: <nil>

2023-12-13T17:17:18.077+0800	INFO	md/md.go:27	HTTP Source: , TrackId: 3b14b960-18dd-5650-b56a-670735beda58, Method: /douyin/oauth/client_token, started at: 2023-12-13T17:17:18+08:00, Request: {"client_key":"tt21e3575ebed3cbb101","client_secret":"d0ac244506eb63695bec1ba67610ce568dac3fb3","grant_type":"client_credential"}

2023-12-13T17:17:18.079+0800	INFO	md/md.go:30	HTTP Source: , TrackId: 3b14b960-18dd-5650-b56a-670735beda58, Method: /douyin/oauth/client_token, completed in: 2.229599ms Response: , Error: invalid character '1' looking for beginning of value

2023-12-13T17:19:43.615+0800	INFO	md/md.go:27	HTTP Source: , TrackId: 7cf67647-a5c1-5efb-ab9f-d7dee82f4168, Method: /douyin/oauth/client_token, started at: 2023-12-13T17:19:43+08:00, Request: {"client_key":"tt21e3575ebed3cbb101","client_secret":"d0ac244506eb63695bec1ba67610ce568dac3fb3","grant_type":"client_credential"}

2023-12-13T17:19:43.627+0800	INFO	md/md.go:30	HTTP Source: , TrackId: 7cf67647-a5c1-5efb-ab9f-d7dee82f4168, Method: /douyin/oauth/client_token, completed in: 11.388127ms Response: , Error: invalid character '1' looking for beginning of value

2023-12-13T17:20:39.550+0800	INFO	md/md.go:27	HTTP Source: , TrackId: f6325ec0-20c0-5723-96f1-ff7b83add114, Method: /douyin/oauth/client_token, started at: 2023-12-13T17:20:39+08:00, Request: {"client_key":"tt21e3575ebed3cbb101","client_secret":"d0ac244506eb63695bec1ba67610ce568dac3fb3","grant_type":"client_credential"}

2023-12-13T17:20:39.550+0800	INFO	md/md.go:30	HTTP Source: , TrackId: f6325ec0-20c0-5723-96f1-ff7b83add114, Method: /douyin/oauth/client_token, completed in: 652.182µs Response: , Error: invalid character '1' looking for beginning of value

2023-12-13T17:21:42.012+0800	INFO	md/md.go:27	HTTP Source: , TrackId: 4e26d7c0-baa0-576a-ab8e-39715bdea255, Method: /douyin/oauth/client_token, started at: 2023-12-13T17:21:42+08:00, Request: {"client_key":"tt21e3575ebed3cbb101","client_secret":"d0ac244506eb63695bec1ba67610ce568dac3fb3","grant_type":"client_credential"}

2023-12-13T17:21:42.279+0800	INFO	md/md.go:30	HTTP Source: , TrackId: 4e26d7c0-baa0-576a-ab8e-39715bdea255, Method: /douyin/oauth/client_token, completed in: 267.262884ms Response: , Error: invalid character '<' looking for beginning of value

2023-12-13T17:23:19.461+0800	INFO	md/md.go:27	HTTP Source: , TrackId: 50c43d53-3965-5fa8-8ee0-08c38869787e, Method: /douyin/oauth/client_token, started at: 2023-12-13T17:23:19+08:00, Request: {"client_key":"tt21e3575ebed3cbb101","client_secret":"d0ac244506eb63695bec1ba67610ce568dac3fb3","grant_type":"client_credential"}

2023-12-13T17:23:19.689+0800	INFO	md/md.go:30	HTTP Source: , TrackId: 50c43d53-3965-5fa8-8ee0-08c38869787e, Method: /douyin/oauth/client_token, completed in: 228.018992ms Response: {"code":0,"msg":"ok","data":{"data":{"access_token":"clt.17ecc77c2e54829a66e9e5f318f81696KoPQdPyybRL0bxcl9DiZNyUOGjY2","expires_in":6600}}}, Error: <nil>

2023-12-13T17:28:00.543+0800	INFO	md/md.go:27	HTTP Source: , TrackId: 51d1cd75-663e-5f41-b2c6-001c90c69c38, Method: /douyin/oauth/client_token, started at: 2023-12-13T17:28:00+08:00, Request: {"client_key":"tt21e3575ebed3cbb101","client_secret":"d0ac244506eb63695bec1ba67610ce568dac3fb3","grant_type":"client_credential"}

2023-12-13T17:28:00.546+0800	INFO	md/md.go:30	HTTP Source: , TrackId: 51d1cd75-663e-5f41-b2c6-001c90c69c38, Method: /douyin/oauth/client_token, completed in: 2.635656ms Response: {"code":0,"msg":"ok","data":{"data":{"access_token":"clt.17ecc77c2e54829a66e9e5f318f81696KoPQdPyybRL0bxcl9DiZNyUOGjY2","expires_in":6319}}}, Error: <nil>

2023-12-13T17:28:18.599+0800	INFO	md/md.go:27	HTTP Source: , TrackId: 7fd0c3e8-903e-5521-9ad0-a26096828571, Method: /douyin/oauth/client_token, started at: 2023-12-13T17:28:18+08:00, Request: {"client_key":"tt21e3575ebed3cbb101","client_secret":"d0ac244506eb63695bec1ba67610ce568dac3fb3","grant_type":"client_credential"}

2023-12-13T17:28:18.825+0800	INFO	md/md.go:30	HTTP Source: , TrackId: 7fd0c3e8-903e-5521-9ad0-a26096828571, Method: /douyin/oauth/client_token, completed in: 226.614572ms Response: {"code":0,"msg":"ok","data":{"data":{"access_token":"clt.2ae9e941c6bec412cbf17db5baa0c7046rKYmEp4Van8lIro7K4biYIrFDm5","expires_in":6600}}}, Error: <nil>

2023-12-13T17:29:49.924+0800	INFO	md/md.go:27	HTTP Source: , TrackId: 6dff98a7-8d55-50fd-aece-ece8cc6e1e4f, Method: /douyin/oauth/client_token, started at: 2023-12-13T17:29:49+08:00, Request: {"client_key":"tt21e3575ebed3cbb101","client_secret":"d0ac244506eb63695bec1ba67610ce568dac3fb3","grant_type":"client_credential"}

2023-12-13T17:29:50.200+0800	INFO	md/md.go:30	HTTP Source: , TrackId: 6dff98a7-8d55-50fd-aece-ece8cc6e1e4f, Method: /douyin/oauth/client_token, completed in: 275.744206ms Response: {"code":0,"msg":"ok","data":{"data":{"access_token":"clt.8ff4913e667550049bd85f709f4c54c8KlwA8PsbS7OCpRl5w65vK8aCfVqf","expires_in":6600}}}, Error: <nil>

2023-12-13T17:39:31.861+0800	INFO	md/md.go:27	HTTP Source: , TrackId: d14acb26-3ee8-5ebe-a8d3-f76007ad86b6, Method: /douyin/oauth/client_token, started at: 2023-12-13T17:39:31+08:00, Request: {"client_key":"tt21e3575ebed3cbb101","client_secret":"d0ac244506eb63695bec1ba67610ce568dac3fb3","grant_type":"client_credential"}

2023-12-13T17:39:31.863+0800	INFO	md/md.go:30	HTTP Source: , TrackId: d14acb26-3ee8-5ebe-a8d3-f76007ad86b6, Method: /douyin/oauth/client_token, completed in: 2.447692ms Response: {"code":0,"msg":"ok","data":{"data":{"access_token":"clt.8ff4913e667550049bd85f709f4c54c8KlwA8PsbS7OCpRl5w65vK8aCfVqf","expires_in":6018}}}, Error: <nil>

2023-12-13T17:40:32.029+0800	INFO	md/md.go:27	HTTP Source: , TrackId: 60d4ee3e-eb84-58dd-8027-899ccf80bc49, Method: /douyin/oauth/client_token, started at: 2023-12-13T17:40:32+08:00, Request: {"client_key":"tt21e3575ebed3cbb101"}

2023-12-13T17:40:32.258+0800	INFO	md/md.go:30	HTTP Source: , TrackId: 60d4ee3e-eb84-58dd-8027-899ccf80bc49, Method: /douyin/oauth/client_token, completed in: 228.821251ms Response: {"code":0,"msg":"ok","data":{"data":{"access_token":"clt.ff0329b9d359a6b4de8bf86a2b1c4d75iApf2Pwuv0eyUn8PfeHfnRIow97d","expires_in":6600}}}, Error: <nil>

2023-12-13T17:40:37.884+0800	INFO	md/md.go:27	HTTP Source: , TrackId: eef360b4-2d26-5dcd-98c3-dfd31a410630, Method: /douyin/oauth/client_token, started at: 2023-12-13T17:40:37+08:00, Request: {"client_key":""}

2023-12-13T17:40:37.884+0800	INFO	md/md.go:30	HTTP Source: , TrackId: eef360b4-2d26-5dcd-98c3-dfd31a410630, Method: /douyin/oauth/client_token, completed in: 118.315µs Response: , Error: rpc error: code = Code(100) desc = ClientKey为必填字段

2023-12-13T17:40:47.833+0800	INFO	md/md.go:27	HTTP Source: , TrackId: 0b220cbe-fa2c-5c5c-92a6-7a3a4852f98a, Method: /douyin/oauth/client_token, started at: 2023-12-13T17:40:47+08:00, Request: {"client_key":"tt21e3575ebed3cbb101"}

2023-12-13T17:40:47.856+0800	INFO	md/md.go:30	HTTP Source: , TrackId: 0b220cbe-fa2c-5c5c-92a6-7a3a4852f98a, Method: /douyin/oauth/client_token, completed in: 23.27174ms Response: {"code":0,"msg":"ok","data":{"data":{"access_token":"clt.ff0329b9d359a6b4de8bf86a2b1c4d75iApf2Pwuv0eyUn8PfeHfnRIow97d","expires_in":6584}}}, Error: <nil>

2023-12-13T17:48:00.874+0800	INFO	md/md.go:27	HTTP Source: , TrackId: eab66030-f974-5c9d-b6d1-32f231606dea, Method: /douyin/oauth/client_token, started at: 2023-12-13T17:48:00+08:00, Request: {"client_key":"tt21e3575ebed3cbb101"}

2023-12-13T17:48:01.093+0800	INFO	md/md.go:30	HTTP Source: , TrackId: eab66030-f974-5c9d-b6d1-32f231606dea, Method: /douyin/oauth/client_token, completed in: 219.584636ms Response: {"code":0,"msg":"ok","data":{"message":"success","data":{"access_token":"clt.d30b204d7d602b5e95d58cb41256af25fiQ29iL4eaYTfh7yhxT7NTb7vEBx","expires_in":6600}}}, Error: <nil>

2023-12-13T17:51:17.344+0800	INFO	md/md.go:27	HTTP Source: , TrackId: 97d66292-3712-570b-a212-fee5fe4f5e1b, Method: /douyin/oauth/client_token, started at: 2023-12-13T17:51:17+08:00, Request: {"client_key":"tt21e3575ebed3cbb101"}

2023-12-13T17:51:17.727+0800	INFO	md/md.go:30	HTTP Source: , TrackId: 97d66292-3712-570b-a212-fee5fe4f5e1b, Method: /douyin/oauth/client_token, completed in: 382.600855ms Response: {"code":0,"msg":"ok","data":{"message":"success","data":{"access_token":"clt.108dac134996e05ded0016d0816ef029fBXUzgz5TzQhN1D1MwzFnjeZF5Tr","expires_in":6600}}}, Error: <nil>

2023-12-13T17:52:09.190+0800	INFO	md/md.go:27	HTTP Source: , TrackId: ebd50f0b-75cd-57a5-b779-b790ab0993be, Method: /douyin/oauth/client_token, started at: 2023-12-13T17:52:09+08:00, Request: {"client_key":"tt21e3575ebed3cbb101"}

2023-12-13T17:52:09.190+0800	INFO	md/md.go:30	HTTP Source: , TrackId: ebd50f0b-75cd-57a5-b779-b790ab0993be, Method: /douyin/oauth/client_token, completed in: 923.03µs Response: {"code":0,"msg":"ok","data":{"message":"success","data":{"access_token":"clt.108dac134996e05ded0016d0816ef029fBXUzgz5TzQhN1D1MwzFnjeZF5Tr","expires_in":6549}}}, Error: <nil>

2023-12-13T17:52:23.286+0800	INFO	md/md.go:27	HTTP Source: , TrackId: a9e439c0-5a15-517a-bfef-95fea731a567, Method: /douyin/oauth/client_token, started at: 2023-12-13T17:52:23+08:00, Request: {"client_key":"tt21e3575ebed3cbb101"}

2023-12-13T17:52:23.567+0800	INFO	md/md.go:30	HTTP Source: , TrackId: a9e439c0-5a15-517a-bfef-95fea731a567, Method: /douyin/oauth/client_token, completed in: 280.508762ms Response: {"code":0,"msg":"ok","data":{"message":"success","data":{"access_token":"clt.fbe87a149d6460a689883c5fe41c6a2aUUA05UiIfGv21Z4LWfTbOwTv4gRf","expires_in":6600}}}, Error: <nil>

2023-12-13T17:54:31.302+0800	INFO	md/md.go:27	HTTP Source: , TrackId: fb99895a-3212-573f-9c9e-9f3e86df6394, Method: /douyin/oauth/client_token, started at: 2023-12-13T17:54:31+08:00, Request: {"client_key":"tt21e3575ebed3cbb101"}

2023-12-13T17:54:31.671+0800	INFO	md/md.go:30	HTTP Source: , TrackId: fb99895a-3212-573f-9c9e-9f3e86df6394, Method: /douyin/oauth/client_token, completed in: 368.905507ms Response: {"code":0,"msg":"ok","data":{"message":"success","data":{"access_token":"clt.d7d380af6b15713228ea2d891246ce99C9fw6BSg1ZK17qSOyYJ5sMWNHbJR","expires_in":6600}}}, Error: <nil>

2023-12-13T17:57:17.517+0800	INFO	md/md.go:27	HTTP Source: , TrackId: 659ed6e1-0f47-52ec-8004-c64a39e58342, Method: /douyin/oauth/client_token, started at: 2023-12-13T17:57:17+08:00, Request: {"client_key":"tt21e3575ebed3cbb101"}

2023-12-13T17:57:18.859+0800	INFO	md/md.go:30	HTTP Source: , TrackId: 659ed6e1-0f47-52ec-8004-c64a39e58342, Method: /douyin/oauth/client_token, completed in: 1.342165599s Response: {"code":0,"msg":"ok","data":{"message":"success","data":{"access_token":"clt.2c71f5853cee71610dc156622209eb5aOkzC676WEIRomKofqB6JgL2oiKMf","expires_in":6600}}}, Error: <nil>

2023-12-13T18:04:25.502+0800	INFO	md/md.go:27	HTTP Source: , TrackId: 7c5ab8f5-8ba2-5a65-a241-66aa9e970b69, Method: /douyin/oauth/client_token, started at: 2023-12-13T18:04:25+08:00, Request: {"client_key":"tt21e3575ebed3cbb101"}

2023-12-13T18:05:45.699+0800	INFO	md/md.go:27	HTTP Source: , TrackId: a0c4a886-5116-52b9-a281-e1f36d6697f5, Method: /douyin/oauth/client_token, started at: 2023-12-13T18:05:45+08:00, Request: {"client_key":"tt21e3575ebed3cbb101"}

2023-12-13T18:08:19.913+0800	INFO	md/md.go:27	HTTP Source: , TrackId: 64a02c70-8d87-503e-a441-9e85a036e418, Method: /douyin/oauth/client_token, started at: 2023-12-13T18:08:19+08:00, Request: {"client_key":"tt21e3575ebed3cbb101"}

2023-12-13T18:08:20.132+0800	INFO	md/md.go:30	HTTP Source: , TrackId: 64a02c70-8d87-503e-a441-9e85a036e418, Method: /douyin/oauth/client_token, completed in: 218.28696ms Response: {"code":0,"msg":"ok","data":{"message":"success","data":{"access_token":"clt.380f414f7df4ca5a93efa7df8e3bfdb4hcyKpdw2ffbeQpQIP3KYg1O1BxhI","expires_in":6600}}}, Error: <nil>

2023-12-13T22:03:01.060+0800	INFO	md/md.go:27	HTTP Source: , TrackId: fd27c3e7-bf2f-5976-9507-3d2e12ac74ad, Method: /douyin/trade/v2/query_cps, started at: 2023-12-13T22:03:01+08:00, Request: {"client_key":"tt21e3575ebed3cbb101"}

2023-12-13T22:03:01.062+0800	INFO	md/md.go:30	HTTP Source: , TrackId: fd27c3e7-bf2f-5976-9507-3d2e12ac74ad, Method: /douyin/trade/v2/query_cps, completed in: 2.09121ms Response: {"code":0,"msg":"ok","data":null}, Error: <nil>

2023-12-13T22:03:02.365+0800	INFO	md/md.go:27	HTTP Source: , TrackId: 02ac73a2-399f-53dd-a3ee-685fa5550302, Method: /douyin/trade/v2/query_cps, started at: 2023-12-13T22:03:02+08:00, Request: {"client_key":"tt21e3575ebed3cbb101"}

2023-12-13T22:03:02.365+0800	INFO	md/md.go:30	HTTP Source: , TrackId: 02ac73a2-399f-53dd-a3ee-685fa5550302, Method: /douyin/trade/v2/query_cps, completed in: 180.869µs Response: {"code":0,"msg":"ok","data":null}, Error: <nil>

2023-12-13T23:20:34.923+0800	INFO	md/md.go:27	HTTP Source: , TrackId: 6c723855-e327-538a-9aa2-df7432402796, Method: /douyin/trade/v2/query_cps, started at: 2023-12-13T23:20:34+08:00, Request: {"client_key":"tt21e3575ebed3cbb101"}

2023-12-13T23:20:34.928+0800	INFO	md/md.go:30	HTTP Source: , TrackId: 6c723855-e327-538a-9aa2-df7432402796, Method: /douyin/trade/v2/query_cps, completed in: 4.558069ms Response: {"code":0,"msg":"ok","data":null}, Error: <nil>

2023-12-13T23:41:45.919+0800	INFO	md/md.go:27	HTTP Source: , TrackId: 2a1995dc-0b15-55b6-aee1-bb775c8642db, Method: /douyin/trade/v2/query_cps, started at: 2023-12-13T23:41:45+08:00, Request: {"client_key":"tt21e3575ebed3cbb101"}

2023-12-13T23:41:45.922+0800	INFO	md/md.go:30	HTTP Source: , TrackId: 2a1995dc-0b15-55b6-aee1-bb775c8642db, Method: /douyin/trade/v2/query_cps, completed in: 2.917156ms Response: {"code":0,"msg":"ok","data":null}, Error: <nil>

2023-12-13T23:42:34.890+0800	INFO	md/md.go:27	HTTP Source: , TrackId: d5755ed0-9626-5392-ab45-f4fe39c8786d, Method: /douyin/trade/v2/query_cps, started at: 2023-12-13T23:42:34+08:00, Request: {"client_key":"tt21e3575ebed3cbb101"}

2023-12-13T23:42:34.893+0800	INFO	md/md.go:30	HTTP Source: , TrackId: d5755ed0-9626-5392-ab45-f4fe39c8786d, Method: /douyin/trade/v2/query_cps, completed in: 3.039441ms Response: {"code":0,"msg":"ok","data":null}, Error: <nil>

2023-12-13T23:43:30.658+0800	INFO	md/md.go:27	HTTP Source: , TrackId: a880b10e-9de1-59db-a955-50bd69125a5a, Method: /douyin/trade/v2/query_cps, started at: 2023-12-13T23:43:30+08:00, Request: {"client_key":"tt21e3575ebed3cbb101"}

2023-12-13T23:43:30.661+0800	INFO	md/md.go:30	HTTP Source: , TrackId: a880b10e-9de1-59db-a955-50bd69125a5a, Method: /douyin/trade/v2/query_cps, completed in: 3.396723ms Response: {"code":0,"msg":"ok","data":null}, Error: <nil>

2023-12-13T23:47:14.882+0800	INFO	md/md.go:27	HTTP Source: , TrackId: e2ed0965-0d46-5b7c-88cc-a904e53f8879, Method: /douyin/trade/v2/query_cps, started at: 2023-12-13T23:47:14+08:00, Request: {"client_key":"tt21e3575ebed3cbb101"}

2023-12-13T23:47:14.884+0800	INFO	md/md.go:30	HTTP Source: , TrackId: e2ed0965-0d46-5b7c-88cc-a904e53f8879, Method: /douyin/trade/v2/query_cps, completed in: 2.347227ms Response: {"code":0,"msg":"ok","data":null}, Error: <nil>

2023-12-13T23:51:09.453+0800	INFO	md/md.go:27	HTTP Source: , TrackId: c7677959-35e4-5afb-9ce9-cf62c8235471, Method: /douyin/trade/v2/query_cps, started at: 2023-12-13T23:51:09+08:00, Request: {"client_key":"tt21e3575ebed3cbb101"}

2023-12-13T23:51:09.456+0800	INFO	md/md.go:30	HTTP Source: , TrackId: c7677959-35e4-5afb-9ce9-cf62c8235471, Method: /douyin/trade/v2/query_cps, completed in: 2.349869ms Response: {"code":0,"msg":"ok","data":null}, Error: <nil>

2023-12-13T23:53:47.855+0800	INFO	md/md.go:27	HTTP Source: , TrackId: f15d2a1d-a12d-5ef4-a14c-756374399a63, Method: /douyin/trade/v2/query_cps, started at: 2023-12-13T23:53:47+08:00, Request: {"order_id":"123456","out_order_no":""}

2023-12-13T23:53:47.857+0800	INFO	md/md.go:30	HTTP Source: , TrackId: f15d2a1d-a12d-5ef4-a14c-756374399a63, Method: /douyin/trade/v2/query_cps, completed in: 2.176791ms Response: {"code":0,"msg":"ok","data":null}, Error: <nil>

2023-12-13T23:55:36.914+0800	INFO	md/md.go:27	HTTP Source: , TrackId: 9d50d459-80ba-5a00-8de3-51351c38d7c4, Method: /douyin/apps/v2/token, started at: 2023-12-13T23:55:36+08:00, Request: {"appid":"tt21e3575ebed3cbb101","grant_type":"client_credential"}

curl --location --request POST ' \
--header 'Content-Type: application/json' \
--header 'SHA256-RSA2048 appid="tt21e3575ebed3cbb101",nonce_str="60789e56dd47ced7",timestamp="    ",key_version="1",signature="QByhs53A1nrBYyxpQm5eiK9LG0VOs+nZ7ewWnl/sUl5/+IcRAgI2pI4RKinIQMAduJqMoMo/btxa6bu+Hn7vqHmQ+Kkb0Zh2K8jQXDRW7N0qi63sEPh318QGiB3c1Dh+g/ltDsSWuvw0m9QaiaA8P8dUsQNfq4NxZgKAHv6/jfzq42AhW/H3zB6xHLuv47gh0iJRjF2KTfNb14OjVH0Hv+9pW6Ss2FSdD9Yl4TclXrulS9W3rTNInJrMoGvCSK8zPmM/c3hwYvlhPNreQ4r7KnO8bh/FumfeIe57LcQ8XdrR4L4MKsGNRbH/xeGb/qCc2wrpUl+w/MAIhxX1ziwerw=="'
--data-raw='{"order_id":"123456","out_order_no":""}'

2023-12-13T23:55:36.914+0800	INFO	md/md.go:30	HTTP Source: , TrackId: 9d50d459-80ba-5a00-8de3-51351c38d7c4, Method: /douyin/apps/v2/token, completed in: 272.634µs Response: , Error: invalid character 'c' after top-level value

2023-12-13T23:55:40.325+0800	INFO	md/md.go:27	HTTP Source: , TrackId: 2829b5d2-c380-5ec5-bb9d-5bb765b688a8, Method: /douyin/trade/v2/query_cps, started at: 2023-12-13T23:55:40+08:00, Request: {"order_id":"123456","out_order_no":""}

2023-12-13T23:55:40.328+0800	INFO	md/md.go:30	HTTP Source: , TrackId: 2829b5d2-c380-5ec5-bb9d-5bb765b688a8, Method: /douyin/trade/v2/query_cps, completed in: 2.735399ms Response: {"code":0,"msg":"ok","data":null}, Error: <nil>

2023-12-14T00:03:17.722+0800	INFO	md/md.go:27	HTTP Source: , TrackId: cf69a9f4-b5d5-5ec4-a1ee-0eef8f21d224, Method: /douyin/trade/v2/query_cps, started at: 2023-12-14T00:03:17+08:00, Request: {"order_id":"123456","out_order_no":""}

2023-12-14T00:03:17.724+0800	INFO	md/md.go:30	HTTP Source: , TrackId: cf69a9f4-b5d5-5ec4-a1ee-0eef8f21d224, Method: /douyin/trade/v2/query_cps, completed in: 2.211794ms Response: {"code":0,"msg":"ok","data":null}, Error: <nil>

2023-12-14T00:06:34.421+0800	INFO	md/md.go:27	HTTP Source: , TrackId: 7e939da2-c1ad-5a9f-96cd-02ba866426a7, Method: /douyin/trade/v2/query_cps, started at: 2023-12-14T00:06:34+08:00, Request: {"order_id":"123456","out_order_no":""}

2023-12-14T00:06:34.423+0800	INFO	md/md.go:30	HTTP Source: , TrackId: 7e939da2-c1ad-5a9f-96cd-02ba866426a7, Method: /douyin/trade/v2/query_cps, completed in: 2.160247ms Response: {"code":0,"msg":"ok","data":null}, Error: <nil>

2023-12-14T00:07:23.611+0800	INFO	md/md.go:27	HTTP Source: , TrackId: b641520b-e5c4-5542-8b82-368c1129b5e8, Method: /douyin/trade/v2/query_cps, started at: 2023-12-14T00:07:23+08:00, Request: {"order_id":"123456","out_order_no":""}

2023-12-14T00:07:23.613+0800	INFO	md/md.go:30	HTTP Source: , TrackId: b641520b-e5c4-5542-8b82-368c1129b5e8, Method: /douyin/trade/v2/query_cps, completed in: 2.308844ms Response: {"code":0,"msg":"ok","data":null}, Error: <nil>

2023-12-14T00:07:37.467+0800	INFO	md/md.go:27	HTTP Source: , TrackId: 52838ba6-71f2-5c60-922f-7fe6926cf87f, Method: /douyin/trade/v2/query_cps, started at: 2023-12-14T00:07:37+08:00, Request: {"order_id":"123456","out_order_no":""}

2023-12-14T00:07:37.469+0800	INFO	md/md.go:30	HTTP Source: , TrackId: 52838ba6-71f2-5c60-922f-7fe6926cf87f, Method: /douyin/trade/v2/query_cps, completed in: 2.048501ms Response: {"code":0,"msg":"ok","data":null}, Error: <nil>

2023-12-14T00:07:42.943+0800	INFO	md/md.go:27	HTTP Source: , TrackId: 03819d7b-7e3f-544b-835d-085856ad85d2, Method: /douyin/trade/v2/query_cps, started at: 2023-12-14T00:07:42+08:00, Request: {"order_id":"123456","out_order_no":""}

2023-12-14T00:07:42.946+0800	INFO	md/md.go:30	HTTP Source: , TrackId: 03819d7b-7e3f-544b-835d-085856ad85d2, Method: /douyin/trade/v2/query_cps, completed in: 3.083555ms Response: {"code":0,"msg":"ok","data":null}, Error: <nil>

2023-12-14T00:16:47.601+0800	INFO	md/md.go:27	HTTP Source: , TrackId: 6d1a3553-7ee4-5823-96f8-d7b2fa785c7b, Method: /douyin/trade/v2/query_cps, started at: 2023-12-14T00:16:47+08:00, Request: {"order_id":"123456","out_order_no":""}

2023-12-14T00:16:49.882+0800	INFO	md/md.go:30	HTTP Source: , TrackId: 6d1a3553-7ee4-5823-96f8-d7b2fa785c7b, Method: /douyin/trade/v2/query_cps, completed in: 2.281226253s Response: {"code":0,"msg":"ok","data":null}, Error: <nil>

2023-12-14T00:18:39.839+0800	INFO	md/md.go:27	HTTP Source: , TrackId: 29fa4fa0-5895-516e-89a5-c21a7767f4d3, Method: /douyin/trade/v2/query_cps, started at: 2023-12-14T00:18:39+08:00, Request: {"order_id":"123456","out_order_no":""}

2023-12-14T00:18:40.020+0800	INFO	md/md.go:30	HTTP Source: , TrackId: 29fa4fa0-5895-516e-89a5-c21a7767f4d3, Method: /douyin/trade/v2/query_cps, completed in: 180.965131ms Response: {"code":0,"msg":"ok","data":null}, Error: <nil>

2023-12-14T13:21:21.874+0800	INFO	md/md.go:27	HTTP Source: , TrackId: f3ddf38d-9339-5a9e-85ae-15599a872ddc, Method: /douyin/trade/v2/query_cps, started at: 2023-12-14T13:21:21+08:00, Request: {"order_id":"123456","out_order_no":"","appid":"tt21e3575ebed3cbb101"}

2023-12-14T13:21:22.058+0800	INFO	md/md.go:30	HTTP Source: , TrackId: f3ddf38d-9339-5a9e-85ae-15599a872ddc, Method: /douyin/trade/v2/query_cps, completed in: 184.432867ms Response: {"code":0,"msg":"ok","data":{"err_no":20000,"err_tips":"订单不存在"}}, Error: <nil>

2023-12-14T13:42:11.917+0800	INFO	md/md.go:27	HTTP Source: , TrackId: cfefa2b3-d58c-5a6f-b7ca-78d780507d69, Method: /douyin/trade/v2/query_cps, started at: 2023-12-14T13:42:11+08:00, Request: {"order_id":"123456","out_order_no":"","appid":"tt21e3575ebed3cbb101"}

2023-12-14T13:42:12.102+0800	INFO	md/md.go:30	HTTP Source: , TrackId: cfefa2b3-d58c-5a6f-b7ca-78d780507d69, Method: /douyin/trade/v2/query_cps, completed in: 184.978257ms Response: {"code":0,"msg":"ok","data":{"err_no":11004,"err_tips":"timestamp格式错误"}}, Error: <nil>

2023-12-14T13:43:44.036+0800	INFO	md/md.go:27	HTTP Source: , TrackId: f1289909-13e7-553e-931e-a0b94cc46ac1, Method: /douyin/trade/v2/query_cps, started at: 2023-12-14T13:43:44+08:00, Request: {"order_id":"123456","out_order_no":"","appid":"tt21e3575ebed3cbb101"}

2023-12-14T13:43:45.107+0800	INFO	md/md.go:30	HTTP Source: , TrackId: f1289909-13e7-553e-931e-a0b94cc46ac1, Method: /douyin/trade/v2/query_cps, completed in: 1.07122105s Response: {"code":0,"msg":"ok","data":{"err_no":20000,"err_tips":"订单不存在"}}, Error: <nil>

2023-12-14T13:45:11.064+0800	INFO	md/md.go:27	HTTP Source: , TrackId: 60a93c51-6a59-5c54-bb51-75bdfec20c2e, Method: /douyin/trade/v2/query_cps, started at: 2023-12-14T13:45:11+08:00, Request: {"order_id":"123456","out_order_no":"","appid":"tt21e3575ebed3cbb101"}

2023-12-14T13:45:11.315+0800	INFO	md/md.go:30	HTTP Source: , TrackId: 60a93c51-6a59-5c54-bb51-75bdfec20c2e, Method: /douyin/trade/v2/query_cps, completed in: 251.549563ms Response: {"code":0,"msg":"ok","data":{"err_no":20000,"err_tips":"订单不存在"}}, Error: <nil>

2023-12-14T13:53:33.585+0800	INFO	md/md.go:27	HTTP Source: , TrackId: a1bec587-5743-5bc3-92b7-817be808e372, Method: /douyin/trade/v2/query_cps, started at: 2023-12-14T13:53:33+08:00, Request: {"order_id":"123456","out_order_no":"","appid":"tt21e3575ebed3cbb101"}

2023-12-14T13:53:33.824+0800	INFO	md/md.go:30	HTTP Source: , TrackId: a1bec587-5743-5bc3-92b7-817be808e372, Method: /douyin/trade/v2/query_cps, completed in: 239.14438ms Response: {"code":0,"msg":"ok","data":{"err_no":20000,"err_tips":"订单不存在"}}, Error: <nil>

2023-12-14T13:56:02.285+0800	INFO	md/md.go:27	HTTP Source: , TrackId: 33214f53-5b40-5721-90f7-ac4a471eec69, Method: /douyin/trade/v2/query_cps, started at: 2023-12-14T13:56:02+08:00, Request: {"order_id":"123456","out_order_no":"","appid":"tt21e3575ebed3cbb101"}

2023-12-14T13:56:02.438+0800	INFO	md/md.go:30	HTTP Source: , TrackId: 33214f53-5b40-5721-90f7-ac4a471eec69, Method: /douyin/trade/v2/query_cps, completed in: 153.713398ms Response: {"code":0,"msg":"ok","data":{"err_no":20000,"err_tips":"订单不存在"}}, Error: <nil>

2023-12-14T14:00:39.833+0800	INFO	md/md.go:27	HTTP Source: , TrackId: c02e066f-94f2-534a-96c3-b5f4ff2ffeb0, Method: /douyin/trade/v2/query_cps, started at: 2023-12-14T14:00:39+08:00, Request: {"order_id":"123456","out_order_no":"","appid":"tt21e3575ebed3cbb101"}

2023-12-14T14:00:39.952+0800	INFO	md/md.go:30	HTTP Source: , TrackId: c02e066f-94f2-534a-96c3-b5f4ff2ffeb0, Method: /douyin/trade/v2/query_cps, completed in: 118.591256ms Response: {"code":0,"msg":"ok","data":{"err_no":20000,"err_tips":"订单不存在"}}, Error: <nil>

2023-12-14T14:02:11.829+0800	INFO	md/md.go:27	HTTP Source: , TrackId: 7c801fb2-f788-5b33-8dae-5965e1cd877d, Method: /douyin/trade/v2/query_cps, started at: 2023-12-14T14:02:11+08:00, Request: {"order_id":"123456","out_order_no":"","appid":"tt21e3575ebed3cbb101"}

2023-12-14T14:02:11.978+0800	INFO	md/md.go:30	HTTP Source: , TrackId: 7c801fb2-f788-5b33-8dae-5965e1cd877d, Method: /douyin/trade/v2/query_cps, completed in: 148.474938ms Response: {"code":0,"msg":"ok","data":{"err_no":20000,"err_tips":"订单不存在"}}, Error: <nil>

2023-12-14T14:09:26.712+0800	INFO	md/md.go:27	HTTP Source: , TrackId: aaa46d1e-8358-5454-8a64-371686a8b582, Method: /douyin/trade/v2/query_cps, started at: 2023-12-14T14:09:26+08:00, Request: {"order_id":"123456","out_order_no":"","appid":"tt21e3575ebed3cbb101"}

2023-12-14T14:09:26.842+0800	INFO	md/md.go:30	HTTP Source: , TrackId: aaa46d1e-8358-5454-8a64-371686a8b582, Method: /douyin/trade/v2/query_cps, completed in: 130.109575ms Response: {"code":0,"msg":"ok","data":{"err_no":20000,"err_tips":"订单不存在"}}, Error: <nil>

2023-12-14T14:12:07.522+0800	INFO	md/md.go:27	HTTP Source: , TrackId: 18efc0af-cb20-5d65-b2ad-a60282731e82, Method: /douyin/trade/v2/query_cps, started at: 2023-12-14T14:12:07+08:00, Request: {"order_id":"123456","out_order_no":"","appid":"tt21e3575ebed3cbb101"}

2023-12-14T14:12:07.810+0800	INFO	md/md.go:30	HTTP Source: , TrackId: 18efc0af-cb20-5d65-b2ad-a60282731e82, Method: /douyin/trade/v2/query_cps, completed in: 287.959069ms Response: {"code":0,"msg":"ok","data":{"err_no":20000,"err_tips":"订单不存在","resp_extra":{"logid":"20231214141207C14FACB034ED1112116E"}}}, Error: <nil>

2023-12-14T14:12:20.519+0800	INFO	md/md.go:27	HTTP Source: , TrackId: 79d6acfc-e8b9-5bf6-afa3-900f5aeb1e19, Method: /douyin/trade/v2/query_cps, started at: 2023-12-14T14:12:20+08:00, Request: {"order_id":"123456","out_order_no":"","appid":"tt21e3575ebed3cbb101"}

2023-12-14T14:12:20.920+0800	INFO	md/md.go:30	HTTP Source: , TrackId: 79d6acfc-e8b9-5bf6-afa3-900f5aeb1e19, Method: /douyin/trade/v2/query_cps, completed in: 400.535696ms Response: {"code":0,"msg":"ok","data":{"err_no":20000,"err_tips":"订单不存在","resp_extra":{"logid":"2023121414122056A5ADC810C91C0061DC"}}}, Error: <nil>

2023-12-14T17:33:47.218+0800	INFO	md/md.go:27	HTTP Source: , TrackId: 16a437c1-9163-510d-84da-867beed91620, Method: /douyin/trade/v2/query_order, started at: 2023-12-14T17:33:47+08:00, Request: {"order_id":"123456","out_order_no":"","appid":"tt21e3575ebed3cbb101"}

2023-12-14T17:33:47.443+0800	INFO	md/md.go:30	HTTP Source: , TrackId: 16a437c1-9163-510d-84da-867beed91620, Method: /douyin/trade/v2/query_order, completed in: 224.710247ms Response: {"code":0,"msg":"ok","data":{"err_no":20000,"err_tips":"订单不存在","resp_extra":{"logid":"20231214173347BC0ABC40F1BBCE00ACA9"}}}, Error: <nil>

2023-12-14T17:57:46.383+0800	INFO	md/md.go:27	HTTP Source: , TrackId: 92408fc0-6f98-5992-bed6-9f3c1640316b, Method: /douyin/trade/v2/query_settle, started at: 2023-12-14T17:57:46+08:00, Request: {"order_id":"123456","out_order_no":"","appid":"tt21e3575ebed3cbb101"}

2023-12-14T17:57:46.887+0800	INFO	md/md.go:30	HTTP Source: , TrackId: 92408fc0-6f98-5992-bed6-9f3c1640316b, Method: /douyin/trade/v2/query_settle, completed in: 504.662509ms Response: {"code":0,"msg":"ok","data":{"err_no":23000,"err_tips":"抱歉，出错了！请稍后重试","resp_extra":{"logid":"2023121417574665299A9644B9EB00731C"},"data":{}}}, Error: <nil>

2023-12-14T17:57:57.382+0800	INFO	md/md.go:27	HTTP Source: , TrackId: d88bdb7c-cd0c-5ee9-89c6-a1e9b25a72e1, Method: /douyin/trade/v2/query_settle, started at: 2023-12-14T17:57:57+08:00, Request: {"order_id":"123456","out_order_no":"","appid":"tt21e3575ebed3cbb101"}

2023-12-14T17:57:57.531+0800	INFO	md/md.go:30	HTTP Source: , TrackId: d88bdb7c-cd0c-5ee9-89c6-a1e9b25a72e1, Method: /douyin/trade/v2/query_settle, completed in: 148.812803ms Response: {"code":0,"msg":"ok","data":{"err_no":23000,"err_tips":"抱歉，出错了！请稍后重试","resp_extra":{"logid":"2023121417575742AE279CBAF5F3008E90"},"data":{}}}, Error: <nil>

2023-12-14T18:02:12.723+0800	INFO	md/md.go:27	HTTP Source: , TrackId: 29cb9f3e-9b58-5bef-a2af-57c004ab1c18, Method: /douyin/trade/v2/query_refund, started at: 2023-12-14T18:02:12+08:00, Request: {"order_id":"123456","out_order_no":"","appid":"tt21e3575ebed3cbb101"}

2023-12-14T18:02:13.316+0800	INFO	md/md.go:30	HTTP Source: , TrackId: 29cb9f3e-9b58-5bef-a2af-57c004ab1c18, Method: /douyin/trade/v2/query_refund, completed in: 592.624444ms Response: {"code":0,"msg":"ok","data":{"err_no":20000,"err_tips":"订单不存在","resp_extra":{"logid":"20231214180212F278642120DBD4010C97"}}}, Error: <nil>

2023-12-14T20:21:53.267+0800	INFO	md/md.go:46	RPC Source: <nil>, TrackId: d34c3aaf-a335-51a1-93ae-c592125a5ce2, Method: /douyin.DouyinAccessToken/GetAccessToken, started at: 2023-12-14T20:21:53+08:00, Request: appid:"252434b5-255b-4ced-8c0c-ecfab6d24a98" grant_type:"Hello" 

2023-12-14T20:21:53.269+0800	INFO	md/md.go:57	RPC Source: <nil>, TrackId: d34c3aaf-a335-51a1-93ae-c592125a5ce2, Method: /douyin.DouyinAccessToken/GetAccessToken, completed in: 1.873582ms Response: <nil>, Error: 抖音appid信息未配置

2023-12-14T20:21:54.680+0800	INFO	md/md.go:46	RPC Source: <nil>, TrackId: 959bb152-8a56-5919-b0a9-8b44cd07fa93, Method: /douyin.DouyinAccessToken/GetAccessToken, started at: 2023-12-14T20:21:54+08:00, Request: appid:"252434b5-255b-4ced-8c0c-ecfab6d24a98" grant_type:"Hello" 

2023-12-14T20:21:54.680+0800	INFO	md/md.go:57	RPC Source: <nil>, TrackId: 959bb152-8a56-5919-b0a9-8b44cd07fa93, Method: /douyin.DouyinAccessToken/GetAccessToken, completed in: 72.121µs Response: <nil>, Error: 抖音appid信息未配置

2023-12-14T20:24:56.217+0800	INFO	md/md.go:46	RPC Source: <nil>, TrackId: 9fc19537-2650-5bce-978a-5ff556644ea7, Method: /douyin.DouyinTrade/QueryCps, started at: 2023-12-14T20:24:56+08:00, Request: order_id:"123456" appid:"tt21e3575ebed3cbb101" 

2023-12-14T20:24:56.566+0800	INFO	md/md.go:57	RPC Source: <nil>, TrackId: 9fc19537-2650-5bce-978a-5ff556644ea7, Method: /douyin.DouyinTrade/QueryCps, completed in: 349.601985ms Response: err_no:20000 err_tips:"\350\256\242\345\215\225\344\270\215\345\255\230\345\234\250" resp_extra:<logid:"20231214202456E682F38CBAC0CB05AC38" > , Error: <nil>

2023-12-14T20:25:28.995+0800	INFO	md/md.go:46	RPC Source: <nil>, TrackId: 496b9636-b553-571e-9c76-a0a675f18276, Method: /douyin.DouyinAccessToken/GetAccessToken, started at: 2023-12-14T20:25:28+08:00, Request: appid:"tt21e3575ebed3cbb101" grant_type:"Hello" 

2023-12-14T20:25:29.057+0800	INFO	md/md.go:57	RPC Source: <nil>, TrackId: 496b9636-b553-571e-9c76-a0a675f18276, Method: /douyin.DouyinAccessToken/GetAccessToken, completed in: 61.505853ms Response: err_no:40020 err_tips:"bad grant_type" data:<> , Error: <nil>

